------------------------------------------------------------------------------------------------------------------------

[2022-11-23 14:43:41 #1 store] 
Database 'C:\Users\USER\Desktop\OO\TW1\code\version10\TextEditor\db\user.odb' is opened by 20744@LAPTOP-3G6V943I

[2022-11-23 14:43:41 #2 store] 
Configuration path: C:\Users\USER\Desktop\OO\TW1\code\version10\TextEditor\objectdb.conf

[2022-11-23 14:43:41 #3 type] 
Type com.company.texteditor.dbManager.User is not enhanced.

[2022-11-23 14:43:41 #4 store] 
Database 'C:\Users\USER\Desktop\OO\TW1\code\version10\TextEditor\db\user.odb' is closed by 20744@LAPTOP-3G6V943I

[2022-11-23 14:43:50 #5 store] 
Database 'C:\Users\USER\Desktop\OO\TW1\code\version10\TextEditor\db\user.odb' is opened by 20744@LAPTOP-3G6V943I

[2022-11-23 14:43:50 #6 store] 
Configuration path: C:\Users\USER\Desktop\OO\TW1\code\version10\TextEditor\objectdb.conf

[2022-11-23 14:43:50 #7 store] 
Database 'C:\Users\USER\Desktop\OO\TW1\code\version10\TextEditor\db\user.odb' is closed by 20744@LAPTOP-3G6V943I

------------------------------------------------------------------------------------------------------------------------

[2022-11-23 15:14:57 #1 store] 
Database 'C:\Users\USER\Desktop\OO\TW1\code\version10\TextEditor\db\user.odb' is opened by 18472@LAPTOP-3G6V943I

[2022-11-23 15:14:57 #2 store] 
Configuration path: C:\Users\USER\Desktop\OO\TW1\code\version10\TextEditor\objectdb.conf

[2022-11-23 15:14:57 #3 type] 
Type com.company.texteditor.dbManager.User is not enhanced.

[2022-11-23 15:14:57 #4 store] 
Database 'C:\Users\USER\Desktop\OO\TW1\code\version10\TextEditor\db\user.odb' is closed by 18472@LAPTOP-3G6V943I

[2022-11-23 15:15:58 #5 store] 
Database 'C:\Users\USER\Desktop\OO\TW1\code\version10\TextEditor\db\user.odb' is opened by 18472@LAPTOP-3G6V943I

[2022-11-23 15:15:58 #6 store] 
Configuration path: C:\Users\USER\Desktop\OO\TW1\code\version10\TextEditor\objectdb.conf

[2022-11-23 15:15:58 #7 store] 
Database 'C:\Users\USER\Desktop\OO\TW1\code\version10\TextEditor\db\user.odb' is closed by 18472@LAPTOP-3G6V943I

[2022-11-23 15:16:19 #8 store] 
Database 'C:\Users\USER\Desktop\OO\TW1\code\version10\TextEditor\db\user.odb' is opened by 18472@LAPTOP-3G6V943I

[2022-11-23 15:16:19 #9 store] 
Configuration path: C:\Users\USER\Desktop\OO\TW1\code\version10\TextEditor\objectdb.conf

[2022-11-23 15:16:19 #10 store] 
Database 'C:\Users\USER\Desktop\OO\TW1\code\version10\TextEditor\db\user.odb' is closed by 18472@LAPTOP-3G6V943I

[2022-11-23 15:19:04 #11 store] 
Database 'C:\Users\USER\Desktop\OO\TW1\code\version10\TextEditor\db\user.odb' is opened by 18472@LAPTOP-3G6V943I

[2022-11-23 15:19:04 #12 store] 
Configuration path: C:\Users\USER\Desktop\OO\TW1\code\version10\TextEditor\objectdb.conf

[2022-11-23 15:19:04 #13 store] 
Database 'C:\Users\USER\Desktop\OO\TW1\code\version10\TextEditor\db\user.odb' is closed by 18472@LAPTOP-3G6V943I

[2022-11-23 15:19:07 #14 store] 
Database 'C:\Users\USER\Desktop\OO\TW1\code\version10\TextEditor\db\user.odb' is opened by 18472@LAPTOP-3G6V943I

[2022-11-23 15:19:07 #15 store] 
Configuration path: C:\Users\USER\Desktop\OO\TW1\code\version10\TextEditor\objectdb.conf

[2022-11-23 15:19:07 #16 store] 
Database 'C:\Users\USER\Desktop\OO\TW1\code\version10\TextEditor\db\user.odb' is closed by 18472@LAPTOP-3G6V943I

[2022-11-23 15:20:11 #17 store] 
Database 'C:\Users\USER\Desktop\OO\TW1\code\version10\TextEditor\db\user.odb' is opened by 18472@LAPTOP-3G6V943I

[2022-11-23 15:20:11 #18 store] 
Configuration path: C:\Users\USER\Desktop\OO\TW1\code\version10\TextEditor\objectdb.conf

[2022-11-23 15:20:11 #19 store] 
Database 'C:\Users\USER\Desktop\OO\TW1\code\version10\TextEditor\db\user.odb' is closed by 18472@LAPTOP-3G6V943I

[2022-11-23 15:22:44 #20 store] 
Database 'C:\Users\USER\Desktop\OO\TW1\code\version10\TextEditor\db\user.odb' is opened by 18472@LAPTOP-3G6V943I

[2022-11-23 15:22:44 #21 store] 
Configuration path: C:\Users\USER\Desktop\OO\TW1\code\version10\TextEditor\objectdb.conf

[2022-11-23 15:22:44 #22 store] 
Database 'C:\Users\USER\Desktop\OO\TW1\code\version10\TextEditor\db\user.odb' is closed by 18472@LAPTOP-3G6V943I

------------------------------------------------------------------------------------------------------------------------

[2022-11-23 23:57:55 #1 store] 
Database 'C:\Users\USER\Desktop\OO\TW1\code\version10\TextEditor\db\user.odb' is opened by 13980@LAPTOP-3G6V943I

[2022-11-23 23:57:55 #2 store] 
Configuration path: C:\Users\USER\Desktop\OO\TW1\code\version10\TextEditor\objectdb.conf

[2022-11-23 23:57:55 #3 type] 
Type com.company.texteditor.dbManager.User is not enhanced.

[2022-11-23 23:57:55 #4 store] 
Database 'C:\Users\USER\Desktop\OO\TW1\code\version10\TextEditor\db\user.odb' is closed by 13980@LAPTOP-3G6V943I

[2022-11-23 23:57:59 #5 store] 
Database 'C:\Users\USER\Desktop\OO\TW1\code\version10\TextEditor\db\user.odb' is opened by 13980@LAPTOP-3G6V943I

[2022-11-23 23:57:59 #6 store] 
Configuration path: C:\Users\USER\Desktop\OO\TW1\code\version10\TextEditor\objectdb.conf

[2022-11-23 23:57:59 #7 store] 
Database 'C:\Users\USER\Desktop\OO\TW1\code\version10\TextEditor\db\user.odb' is closed by 13980@LAPTOP-3G6V943I

